<?xml version="1.0" encoding="UTF-8"?>
<!-- Generated by org.testng.reporters.JUnitXMLReporter -->
<testsuite ignored="0" hostname="hdc3-l-2TS4JG3" failures="1" tests="6" name="RegressionTest" time="30.294" errors="0" timestamp="2023-11-11T14:34:14 IST">
  <testcase classname="qa.tests.Testcase0" name="googlePagetest01" time="0.054"/>
  <testcase classname="qa.tests.Testcase0" name="googlePagetest02" time="0.041"/>
  <testcase classname="qa.tests.Testcase1" name="testMethod03" time="0.004"/>
  <testcase classname="qa.tests.Testcase1" name="testMethod04" time="0.014">
    <skipped/>
  </testcase> <!-- testMethod04 -->
  <testcase classname="qa.tests.Testcase1" name="testMethod04" time="0.001">
    <failure type="java.lang.AssertionError" message="Mismatch expected [xx] but found [xxx]">
      <![CDATA[java.lang.AssertionError: Mismatch expected [xx] but found [xxx]
at qa.tests.Testcase1.testMethod04(Testcase1.java:25)
at java.base/java.util.ArrayList.forEach(ArrayList.java:1511)
... Removed 32 stack frames]]>
    </failure>
  </testcase> <!-- testMethod04 -->
  <testcase classname="qa.tests.Testcase2" name="TCP_379_testMethod06" time="0.001"/>
</testsuite> <!-- RegressionTest -->
